<?xml version="1.0" encoding="utf-8"?><testsuites name="pytest tests"><testsuite name="pytest" errors="0" failures="1" skipped="0" tests="24" time="147.100" timestamp="2026-06-07T06:36:31.083395+00:00" hostname="agent-env-788862cc-2498-43ae-8a21-4e3fb07d1707"><testcase classname="backend.tests.test_iteration2.TestSeededData" name="test_islands_count" time="0.267" /><testcase classname="backend.tests.test_iteration2.TestSeededData" name="test_subjects_count" time="0.114" /><testcase classname="backend.tests.test_iteration2.TestSeededData" name="test_lessons_count" time="0.110" /><testcase classname="backend.tests.test_iteration2.TestSeededData" name="test_quizzes_seeded" time="0.104" /><testcase classname="backend.tests.test_iteration2.TestSeededData" name="test_rewards_count" time="0.131" /><testcase classname="backend.tests.test_iteration2.TestSeededData" name="test_achievements_count" time="0.093" /><testcase classname="backend.tests.test_iteration2.TestAIEndpoints" name="test_ai_tutor_uzbek" time="24.296" /><testcase classname="backend.tests.test_iteration2.TestAIEndpoints" name="test_ai_tutor_requires_auth" time="0.124" /><testcase classname="backend.tests.test_iteration2.TestAIEndpoints" name="test_ai_homework_helper" time="54.811" /><testcase classname="backend.tests.test_iteration2.TestAIEndpoints" name="test_ai_generate_quiz_admin" time="60.549"><failure message="AssertionError: Quiz gen failed: The preview environment is not responding. It may be starting up.&#10;  &#10;assert 502 == 200&#10; +  where 502 = &lt;Response [502]&gt;.status_code">backend/tests/test_iteration2.py:120: in test_ai_generate_quiz_admin
    assert r.status_code == 200, f"Quiz gen failed: {r.text}"
E   AssertionError: Quiz gen failed: The preview environment is not responding. It may be starting up.
E     
E   assert 502 == 200
E    +  where 502 = &lt;Response [502]&gt;.status_code</failure></testcase><testcase classname="backend.tests.test_iteration2.TestAIEndpoints" name="test_ai_generate_quiz_student_forbidden" time="0.538" /><testcase classname="backend.tests.test_iteration2.TestQuizzes" name="test_quiz_submission_passes_awards_xp" time="0.549" /><testcase classname="backend.tests.test_iteration2.TestQuizzes" name="test_quiz_submission_failing_no_xp" time="0.899" /><testcase classname="backend.tests.test_iteration2.TestQuizzes" name="test_create_quiz_admin" time="0.482" /><testcase classname="backend.tests.test_iteration2.TestQuizzes" name="test_create_quiz_student_forbidden" time="0.457" /><testcase classname="backend.tests.test_iteration2.TestLessonsCRUD" name="test_create_lesson_admin" time="0.502" /><testcase classname="backend.tests.test_iteration2.TestLessonsCRUD" name="test_create_lesson_student_forbidden" time="0.416" /><testcase classname="backend.tests.test_iteration2.TestAdminUsers" name="test_admin_list_users" time="0.380" /><testcase classname="backend.tests.test_iteration2.TestAdminUsers" name="test_admin_list_users_student_forbidden" time="0.374" /><testcase classname="backend.tests.test_iteration2.TestAdminUsers" name="test_admin_delete_user" time="0.807" /><testcase classname="backend.tests.test_iteration2.TestUserRewardsAchievements" name="test_user_rewards_requires_auth" time="0.105" /><testcase classname="backend.tests.test_iteration2.TestUserRewardsAchievements" name="test_user_achievements_requires_auth" time="0.127" /><testcase classname="backend.tests.test_iteration2.TestUserRewardsAchievements" name="test_user_rewards_for_student" time="0.384" /><testcase classname="backend.tests.test_iteration2.TestUserRewardsAchievements" name="test_user_achievements_for_student" time="0.370" /></testsuite></testsuites>