<?xml version="1.0" encoding="utf-8"?><testsuites name="pytest tests"><testsuite name="pytest" errors="0" failures="1" skipped="0" tests="17" time="22.906" timestamp="2026-06-07T07:05:44.538495+00:00" hostname="agent-env-788862cc-2498-43ae-8a21-4e3fb07d1707"><testcase classname="backend.tests.test_phase3.TestParentRegister" name="test_parent_registration_returns_parent_role" time="0.503" /><testcase classname="backend.tests.test_phase3.TestDailyChallenges" name="test_get_daily_challenges_creates_three" time="0.425"><failure message="AssertionError: Internal Server Error&#10;assert 500 == 200&#10; +  where 500 = &lt;Response [500]&gt;.status_code">backend/tests/test_phase3.py:46: in test_get_daily_challenges_creates_three
    assert r.status_code == 200, r.text
E   AssertionError: Internal Server Error
E   assert 500 == 200
E    +  where 500 = &lt;Response [500]&gt;.status_code</failure></testcase><testcase classname="backend.tests.test_phase3.TestDailyChallenges" name="test_complete_challenge_awards_xp_once" time="0.254" /><testcase classname="backend.tests.test_phase3.TestAvatars" name="test_list_avatars_returns_9" time="0.045" /><testcase classname="backend.tests.test_phase3.TestAvatars" name="test_purchase_avatar_success" time="0.093" /><testcase classname="backend.tests.test_phase3.TestAvatars" name="test_purchase_avatar_insufficient_xp" time="0.044" /><testcase classname="backend.tests.test_phase3.TestAvatars" name="test_purchase_unknown_avatar_404" time="0.050" /><testcase classname="backend.tests.test_phase3.TestCertificates" name="test_certificate_requires_completed_lesson" time="0.247" /><testcase classname="backend.tests.test_phase3.TestCertificates" name="test_certificate_404_when_not_completed" time="0.150" /><testcase classname="backend.tests.test_phase3.TestAIStreaming" name="test_tutor_stream_sse" time="20.065" /><testcase classname="backend.tests.test_phase3.TestExistingEndpoints" name="test_public_endpoints[/islands]" time="0.200" /><testcase classname="backend.tests.test_phase3.TestExistingEndpoints" name="test_public_endpoints[/leaderboard]" time="0.128" /><testcase classname="backend.tests.test_phase3.TestExistingEndpoints" name="test_public_endpoints[/lessons]" time="0.097" /><testcase classname="backend.tests.test_phase3.TestExistingEndpoints" name="test_public_endpoints[/quizzes]" time="0.160" /><testcase classname="backend.tests.test_phase3.TestExistingEndpoints" name="test_public_endpoints[/rewards]" time="0.098" /><testcase classname="backend.tests.test_phase3.TestExistingEndpoints" name="test_public_endpoints[/achievements]" time="0.128" /><testcase classname="backend.tests.test_phase3.TestExistingEndpoints" name="test_admin_users" time="0.105" /></testsuite></testsuites>