<?xml version="1.0" encoding="utf-8"?><testsuites name="pytest tests"><testsuite name="pytest" errors="0" failures="0" skipped="0" tests="15" time="3.473" timestamp="2026-06-07T06:12:09.367625+00:00" hostname="agent-env-788862cc-2498-43ae-8a21-4e3fb07d1707"><testcase classname="backend.tests.backend_test.TestHealth" name="test_root_health" time="0.276" /><testcase classname="backend.tests.backend_test.TestAuth" name="test_login_admin_success" time="0.345" /><testcase classname="backend.tests.backend_test.TestAuth" name="test_login_invalid_password" time="0.324" /><testcase classname="backend.tests.backend_test.TestAuth" name="test_login_unknown_email" time="0.148" /><testcase classname="backend.tests.backend_test.TestAuth" name="test_register_new_student_and_me" time="0.387" /><testcase classname="backend.tests.backend_test.TestAuth" name="test_register_duplicate" time="0.467" /><testcase classname="backend.tests.backend_test.TestAuth" name="test_me_unauthenticated" time="0.100" /><testcase classname="backend.tests.backend_test.TestAuth" name="test_logout" time="0.493" /><testcase classname="backend.tests.backend_test.TestIslands" name="test_list_islands" time="0.101" /><testcase classname="backend.tests.backend_test.TestIslands" name="test_get_island_by_id" time="0.169" /><testcase classname="backend.tests.backend_test.TestIslands" name="test_get_island_not_found" time="0.141" /><testcase classname="backend.tests.backend_test.TestLeaderboard" name="test_leaderboard" time="0.109" /><testcase classname="backend.tests.backend_test.TestSubjectsLessons" name="test_list_subjects" time="0.096" /><testcase classname="backend.tests.backend_test.TestSubjectsLessons" name="test_list_lessons" time="0.102" /><testcase classname="backend.tests.backend_test.TestProgress" name="test_progress_requires_auth" time="0.105" /></testsuite></testsuites>